<?xml version="1.0" encoding="UTF-8"?>
<!-- Generated by org.testng.reporters.JUnitXMLReporter -->
<testsuite hostname="LAPTOP-78A1A2K5" ignored="0" name="Default test(failed)" tests="1" failures="1" timestamp="2021-10-02T07:59:48 IST" time="0.036" errors="0">
  <testcase name="data_Validation" time="0.007" classname="com.Test_NG.Assert_Concept_Hard">
    <failure type="org.junit.ComparisonFailure" message="expected:&amp;lt;gayle[]&amp;gt; but was:&amp;lt;gayle[_Boss]&amp;gt;">
      <![CDATA[org.junit.ComparisonFailure: expected:<gayle[]> but was:<gayle[_Boss]>
at org.junit.Assert.assertEquals(Assert.java:115)
at org.junit.Assert.assertEquals(Assert.java:144)
at com.Test_NG.Assert_Concept_Hard.data_Validation(Assert_Concept_Hard.java:21)
at java.util.ArrayList.forEach(Unknown Source)
... Removed 27 stack frames]]>
    </failure>
  </testcase> <!-- data_Validation -->
</testsuite> <!-- Default test(failed) -->
