<?xml version="1.0" encoding="UTF-8"?>
<testng-results skipped="0" failed="0" ignored="0" total="1" passed="1">
  <reporter-output>
  </reporter-output>
  <suite name="Default suite" duration-ms="40" started-at="2021-10-05T13:32:43 IST" finished-at="2021-10-05T13:32:43 IST">
    <groups>
    </groups>
    <test name="Default test" duration-ms="40" started-at="2021-10-05T13:32:43 IST" finished-at="2021-10-05T13:32:43 IST">
      <class name="com.Test_NG.Assert_Concept_Soft">
        <test-method status="PASS" signature="data_Validation()[pri:0, instance:com.Test_NG.Assert_Concept_Soft@4b1c1ea0]" name="data_Validation" duration-ms="8" started-at="2021-10-05T13:32:43 IST" finished-at="2021-10-05T13:32:43 IST">
          <reporter-output>
          </reporter-output>
        </test-method> <!-- data_Validation -->
      </class> <!-- com.Test_NG.Assert_Concept_Soft -->
    </test> <!-- Default test -->
  </suite> <!-- Default suite -->
</testng-results>
